\BOOKMARK [0][-]{section*.2}{\376\377\000Z\0002\000\040\000r\000e\000f\000l\000e\000c\000t\000i\000o\000n\000\040\000s\000y\000m\000m\000e\000t\000r\000y\000\040\000o\000f\000\040\000L\000y\000a\000p\000u\000n\000o\000v\000\040\000e\000x\000p\000o\000n\000e\000n\000t\000s\000\040\000u\000n\000d\000e\000r\000\040\000t\000h\000e\000\040\000K\000r\000a\000s\000n\000o\000s\000e\000l\000s\000k\000i\000i\040\023\000M\000a\000n\000n\000\040\000-\000t\000r\000a\000n\000s\000f\000o\000r\000m\000,\000\040\000a\000n\000d\000\040\000i\000t\000s\000\040\000b\000r\000e\000a\000k\000d\000o\000w\000n\000\040\000f\000o\000r\000\040\000c\000o\000m\000p\000l\000e\000x\000-\000v\000a\000l\000u\000e\000d\000\040\000i\000t\000e\000r\000a\000t\000i\000o\000n}{}% 2
\BOOKMARK [1][-]{section*.1}{\376\377\000A\000b\000s\000t\000r\000a\000c\000t}{section*.2}% 1
\BOOKMARK [1][-]{section*.3}{\376\377\000I\000n\000t\000r\000o\000d\000u\000c\000t\000i\000o\000n}{section*.2}% 3
\BOOKMARK [1][-]{section*.6}{\376\377\000S\000e\000t\000u\000p\000\040\000a\000n\000d\000\040\000D\000e\000f\000i\000n\000i\000t\000i\000o\000n\000s}{section*.2}% 4
\BOOKMARK [2][-]{section*.7}{\376\377\000T\000h\000e\000\040\000l\000o\000g\000i\000s\000t\000i\000c\000\040\000f\000a\000m\000i\000l\000y}{section*.6}% 5
\BOOKMARK [2][-]{section*.8}{\376\377\000N\000u\000m\000e\000r\000i\000c\000a\000l\000\040\000s\000e\000t\000u\000p}{section*.6}% 6
\BOOKMARK [1][-]{section*.9}{\376\377\000T\000h\000e\000\040\000Z\0002\000\040\000S\000y\000m\000m\000e\000t\000r\000y}{section*.2}% 7
\BOOKMARK [2][-]{section*.10}{\376\377\000E\000m\000p\000i\000r\000i\000c\000a\000l\000\040\000o\000b\000s\000e\000r\000v\000a\000t\000i\000o\000n}{section*.9}% 8
\BOOKMARK [2][-]{section*.11}{\376\377\000C\000l\000o\000s\000e\000d\000-\000f\000o\000r\000m\000\040\000v\000e\000r\000i\000f\000i\000c\000a\000t\000i\000o\000n\000\040\000a\000t\000\040\000a\000\040\000=\000\040\0004}{section*.9}% 9
\BOOKMARK [1][-]{section*.12}{\376\377\000N\000o\000n\000-\000I\000n\000v\000a\000r\000i\000a\000n\000c\000e\000\040\000a\000n\000d\000\040\000C\000h\000a\000o\000s\000\040\000S\000u\000p\000p\000r\000e\000s\000s\000i\000o\000n}{section*.2}% 10
\BOOKMARK [2][-]{section*.13}{\376\377\000=\0001\000\040\000i\000n\000\040\000g\000e\000n\000e\000r\000a\000l}{section*.12}% 11
\BOOKMARK [2][-]{section*.14}{\376\377\000C\000h\000a\000o\000s\000\040\000s\000u\000p\000p\000r\000e\000s\000s\000i\000o\000n\000\040\000a\000t\000\040\000=\000\040\0000\000.\0005}{section*.12}% 12
\BOOKMARK [1][-]{section*.15}{\376\377\000B\000r\000e\000a\000k\000d\000o\000w\000n\000\040\000f\000o\000r\000\040\000C\000o\000m\000p\000l\000e\000x\000-\000V\000a\000l\000u\000e\000d\000\040\000I\000t\000e\000r\000a\000t\000i\000o\000n\000s}{section*.2}% 13
\BOOKMARK [2][-]{section*.16}{\376\377\000S\000e\000t\000u\000p}{section*.15}% 14
\BOOKMARK [2][-]{section*.17}{\376\377\000R\000e\000s\000u\000l\000t}{section*.15}% 15
\BOOKMARK [1][-]{section*.18}{\376\377\000D\000i\000s\000c\000u\000s\000s\000i\000o\000n}{section*.2}% 16
\BOOKMARK [1][-]{section*.22}{\376\377\000C\000o\000n\000c\000l\000u\000s\000i\000o\000n\000s}{section*.2}% 17
\BOOKMARK [1][-]{section*.23}{\376\377\000A\000c\000k\000n\000o\000w\000l\000e\000d\000g\000m\000e\000n\000t\000s}{section*.2}% 18
\BOOKMARK [1][-]{section*.24}{\376\377\000A\000r\000c\000s\000i\000n\000e\000\040\000i\000n\000t\000e\000g\000r\000a\000l\000\040\000f\000o\000r\000\040\000\050\000\051\000\040\000a\000t\000\040\000a\000\040\000=\000\040\0004}{section*.2}% 19
\BOOKMARK [1][-]{section*.25}{\376\377\000R\000e\000f\000e\000r\000e\000n\000c\000e\000s}{section*.2}% 20
